{
  "RSpec": {
    "coverage": {
      "/Users/aalphonseraj/new_assign/class_mate/spec/controllers/application_controller_spec.rb": [
        1,
        null,
        1,
        5,
        null,
        1,
        4,
        null,
        null,
        1,
        1,
        1,
        null,
        null,
        1,
        1,
        1,
        null,
        null,
        null,
        1,
        1,
        1,
        null,
        null,
        1,
        1,
        1,
        1,
        null,
        null,
        null
      ],
      "/Users/aalphonseraj/new_assign/class_mate/spec/rails_helper.rb": [
        null,
        1,
        1,
        null,
        1,
        1,
        1,
        null,
        null,
        null,
        null,
        null,
        null,
        null,
        null,
        null,
        null,
        null,
        null,
        null,
        null,
        null,
        null,
        1,
        null,
        null,
        1,
        null,
        1,
        null,
        1,
        null,
        null,
        null,
        null,
        1,
        null,
        null,
        null,
        null,
        null,
        null,
        null,
        null,
        null,
        null,
        null,
        null,
        null,
        null,
        1,
        null,
        1,
        null,
        null,
        1,
        null,
        null,
        null,
        null,
        null,
        null
      ],
      "/Users/aalphonseraj/new_assign/class_mate/config/environment.rb": [
        null,
        1,
        null,
        null,
        1
      ],
      "/Users/aalphonseraj/new_assign/class_mate/config/application.rb": [
        1,
        null,
        1,
        null,
        null,
        null,
        1,
        null,
        1,
        1,
        null,
        null,
        null,
        null,
        null,
        null,
        null,
        null,
        null,
        null,
        null,
        null,
        null,
        1,
        null,
        null
      ],
      "/Users/aalphonseraj/new_assign/class_mate/config/boot.rb": [
        1,
        null,
        1
      ],
      "/Users/aalphonseraj/new_assign/class_mate/config/environments/test.rb": [
        1,
        null,
        null,
        null,
        null,
        null,
        null,
        1,
        null,
        null,
        null,
        null,
        1,
        null,
        null,
        1,
        1,
        null,
        null,
        1,
        1,
        null,
        null,
        1,
        null,
        null,
        1,
        null,
        null,
        null,
        null,
        1,
        null,
        null,
        1,
        null,
        null,
        1,
        null,
        null,
        null,
        null
      ],
      "/Users/aalphonseraj/new_assign/class_mate/config/initializers/assets.rb": [
        null,
        null,
        null,
        1,
        null,
        null,
        null,
        null,
        null,
        null,
        null
      ],
      "/Users/aalphonseraj/new_assign/class_mate/config/initializers/backtrace_silencers.rb": [
        null,
        null,
        null,
        null,
        null,
        null,
        null
      ],
      "/Users/aalphonseraj/new_assign/class_mate/config/initializers/cookies_serializer.rb": [
        null,
        null,
        1
      ],
      "/Users/aalphonseraj/new_assign/class_mate/config/initializers/filter_parameter_logging.rb": [
        null,
        null,
        null,
        1
      ],
      "/Users/aalphonseraj/new_assign/class_mate/config/initializers/inflections.rb": [
        null,
        null,
        null,
        null,
        null,
        null,
        null,
        null,
        null,
        null,
        null,
        null,
        null,
        null,
        null,
        null
      ],
      "/Users/aalphonseraj/new_assign/class_mate/config/initializers/mime_types.rb": [
        null,
        null,
        null,
        null
      ],
      "/Users/aalphonseraj/new_assign/class_mate/config/initializers/session_store.rb": [
        null,
        null,
        1
      ],
      "/Users/aalphonseraj/new_assign/class_mate/config/initializers/wrap_parameters.rb": [
        null,
        null,
        null,
        null,
        null,
        null,
        1,
        1,
        null,
        null,
        null,
        null,
        null,
        null
      ],
      "/Users/aalphonseraj/new_assign/class_mate/spec/factories/assignments.rb": [
        1,
        1,
        1,
        1,
        1,
        null,
        null,
        null
      ],
      "/Users/aalphonseraj/new_assign/class_mate/spec/factories/class_rooms.rb": [
        1,
        1,
        39,
        1,
        1,
        null,
        null,
        null,
        null
      ],
      "/Users/aalphonseraj/new_assign/class_mate/spec/factories/students.rb": [
        1,
        1,
        null,
        null,
        null
      ],
      "/Users/aalphonseraj/new_assign/class_mate/spec/factories/users.rb": [
        1,
        1,
        1,
        37,
        37,
        37,
        37,
        37,
        1,
        null,
        null,
        null
      ],
      "/Users/aalphonseraj/new_assign/class_mate/config/routes.rb": [
        1,
        1,
        1,
        1,
        1,
        1,
        1,
        1,
        1,
        null,
        1,
        1,
        1,
        null,
        1,
        1,
        null,
        1,
        1,
        null,
        null,
        null,
        null,
        null,
        null,
        null,
        1,
        null,
        1,
        null,
        null,
        null,
        null,
        null,
        null,
        null,
        null,
        null,
        null,
        null,
        null,
        null,
        null,
        null,
        null,
        null,
        null,
        null,
        null,
        null,
        null,
        null,
        null,
        null,
        null,
        null,
        null,
        null,
        null,
        null,
        null,
        null,
        null,
        null,
        null,
        null,
        null,
        null,
        null,
        null,
        null,
        null,
        null,
        null,
        null,
        null,
        null,
        null,
        null,
        1,
        null
      ],
      "/Users/aalphonseraj/new_assign/class_mate/app/helpers/application_helper.rb": [
        1,
        null
      ],
      "/Users/aalphonseraj/new_assign/class_mate/app/helpers/assignments_helper.rb": [
        1,
        null
      ],
      "/Users/aalphonseraj/new_assign/class_mate/app/helpers/class_rooms_helper.rb": [
        1,
        null
      ],
      "/Users/aalphonseraj/new_assign/class_mate/app/helpers/homes_helper.rb": [
        1,
        null
      ],
      "/Users/aalphonseraj/new_assign/class_mate/app/helpers/registrations_helper.rb": [
        1,
        null
      ],
      "/Users/aalphonseraj/new_assign/class_mate/app/helpers/sessions_helper.rb": [
        1,
        null
      ],
      "/Users/aalphonseraj/new_assign/class_mate/app/helpers/students_helper.rb": [
        1,
        null
      ],
      "/Users/aalphonseraj/new_assign/class_mate/app/helpers/submissions_helper.rb": [
        1,
        null
      ],
      "/Users/aalphonseraj/new_assign/class_mate/app/controllers/homes_controller.rb": [
        1,
        1,
        1,
        null,
        1,
        1,
        2,
        1,
        null,
        null,
        null
      ],
      "/Users/aalphonseraj/new_assign/class_mate/app/controllers/application_controller.rb": [
        1,
        null,
        null,
        null,
        1,
        1,
        null,
        1,
        null,
        1,
        4,
        null,
        null,
        1,
        2,
        1,
        null,
        2,
        null,
        null
      ],
      "/Users/aalphonseraj/new_assign/class_mate/spec/controllers/assignments_controller_spec.rb": [
        1,
        null,
        null,
        null,
        null,
        null,
        null,
        null,
        null,
        null,
        null,
        null,
        null,
        null,
        null,
        null,
        null,
        null,
        null,
        null,
        1,
        1,
        null,
        null,
        null,
        20,
        20,
        20,
        20,
        null,
        null,
        null,
        null,
        null,
        null,
        1,
        19,
        19,
        null,
        null,
        1,
        1,
        1,
        1,
        1,
        null,
        null,
        null,
        1,
        1,
        1,
        1,
        1,
        null,
        null,
        null,
        1,
        1,
        1,
        1,
        null,
        null,
        null,
        1,
        1,
        1,
        1,
        1,
        null,
        null,
        null,
        1,
        1,
        1,
        1,
        1,
        null,
        null,
        null,
        1,
        1,
        1,
        1,
        null,
        null,
        1,
        1,
        1,
        null,
        null,
        null,
        1,
        1,
        1,
        1,
        null,
        null,
        1,
        1,
        1,
        null,
        null,
        null,
        null,
        1,
        1,
        2,
        1,
        1,
        1,
        1,
        null,
        null,
        1,
        1,
        1,
        1,
        null,
        null,
        1,
        1,
        1,
        1,
        null,
        null,
        null,
        1,
        1,
        1,
        1,
        1,
        null,
        null,
        1,
        1,
        1,
        1,
        null,
        null,
        null,
        null,
        1,
        1,
        1,
        1,
        1,
        null,
        null,
        null,
        1,
        1,
        1,
        1,
        null,
        null,
        null,
        1,
        1,
        1,
        1,
        1,
        null,
        null,
        null,
        1,
        1,
        1,
        1,
        1,
        null,
        null,
        null,
        1,
        1,
        1,
        1,
        1,
        null,
        null,
        null,
        null
      ],
      "/Users/aalphonseraj/new_assign/class_mate/app/controllers/assignments_controller.rb": [
        1,
        1,
        1,
        null,
        null,
        1,
        1,
        1,
        2,
        1,
        null,
        null,
        null,
        null,
        null,
        1,
        2,
        null,
        null,
        null,
        1,
        1,
        1,
        2,
        null,
        null,
        null,
        null,
        1,
        1,
        2,
        null,
        null,
        null,
        null,
        null,
        1,
        5,
        null,
        5,
        5,
        3,
        6,
        null,
        2,
        4,
        null,
        null,
        null,
        null,
        null,
        null,
        1,
        5,
        5,
        3,
        6,
        null,
        2,
        4,
        null,
        null,
        null,
        null,
        null,
        null,
        1,
        2,
        2,
        2,
        4,
        null,
        null,
        null,
        1,
        1,
        1,
        1,
        2,
        1,
        null,
        null,
        null,
        null,
        1,
        1,
        1,
        2,
        null,
        null,
        null,
        1,
        null,
        1,
        12,
        null,
        null,
        null,
        1,
        10,
        null,
        null,
        1,
        1,
        null,
        null
      ],
      "/Users/aalphonseraj/new_assign/class_mate/spec/controllers/homes_controller_spec.rb": [
        1,
        null,
        null,
        null,
        null,
        null,
        null,
        null,
        null,
        null,
        null,
        null,
        null,
        null,
        null,
        null,
        null,
        null,
        null,
        null,
        1,
        null,
        2,
        null,
        1,
        1,
        1,
        null,
        null,
        1,
        1,
        1,
        1,
        null,
        null,
        null
      ],
      "/Users/aalphonseraj/new_assign/class_mate/spec/controllers/registrations_controller_spec.rb": [
        1,
        null,
        1,
        3,
        null,
        1,
        1,
        1,
        1,
        null,
        null,
        null,
        1,
        1,
        1,
        1,
        null,
        null,
        1,
        1,
        1,
        null,
        null,
        null
      ],
      "/Users/aalphonseraj/new_assign/class_mate/app/controllers/registrations_controller.rb": [
        1,
        null,
        null,
        1,
        null,
        1,
        1,
        null,
        null,
        1,
        2,
        2,
        1,
        null,
        1,
        null,
        null,
        null
      ],
      "/Users/aalphonseraj/new_assign/class_mate/spec/controllers/sessions_controller_spec.rb": [
        1,
        null,
        1,
        3,
        null,
        1,
        1,
        1,
        1,
        null,
        null,
        1,
        1,
        1,
        null,
        null,
        null,
        1,
        null,
        1,
        1,
        1,
        null,
        1,
        1,
        1,
        null,
        null,
        null
      ],
      "/Users/aalphonseraj/new_assign/class_mate/app/controllers/sessions_controller.rb": [
        1,
        1,
        1,
        null,
        null,
        1,
        2,
        2,
        1,
        1,
        null,
        1,
        1,
        null,
        null,
        null,
        1,
        1,
        1,
        null,
        null
      ],
      "/Users/aalphonseraj/new_assign/class_mate/spec/controllers/students_controller_spec.rb": [
        1,
        null,
        null,
        null,
        null,
        null,
        null,
        null,
        null,
        null,
        null,
        null,
        null,
        null,
        null,
        null,
        null,
        null,
        null,
        null,
        1,
        1,
        null,
        null,
        null,
        17,
        17,
        1,
        12,
        null,
        null,
        5,
        null,
        1,
        16,
        16,
        null,
        null,
        1,
        1,
        1,
        1,
        null,
        null,
        null,
        1,
        1,
        1,
        1,
        1,
        null,
        null,
        null,
        1,
        1,
        1,
        1,
        null,
        null,
        null,
        1,
        1,
        1,
        1,
        1,
        null,
        null,
        null,
        1,
        1,
        1,
        1,
        1,
        null,
        null,
        null,
        1,
        1,
        1,
        1,
        null,
        null,
        1,
        1,
        1,
        null,
        null,
        null,
        1,
        1,
        1,
        1,
        null,
        null,
        1,
        1,
        1,
        null,
        null,
        null,
        null,
        1,
        1,
        1,
        1,
        null,
        1,
        1,
        1,
        1,
        1,
        null,
        null,
        1,
        1,
        1,
        1,
        null,
        null,
        1,
        1,
        1,
        1,
        null,
        null,
        null,
        1,
        1,
        1,
        1,
        1,
        null,
        null,
        1,
        1,
        1,
        1,
        null,
        null,
        null,
        null,
        1,
        1,
        1,
        1,
        1,
        null,
        null,
        null,
        1,
        1,
        1,
        1,
        null,
        null,
        null,
        null
      ],
      "/Users/aalphonseraj/new_assign/class_mate/app/controllers/students_controller.rb": [
        1,
        1,
        1,
        null,
        null,
        1,
        1,
        null,
        null,
        null,
        null,
        1,
        null,
        null,
        null,
        1,
        1,
        null,
        null,
        null,
        1,
        null,
        null,
        null,
        null,
        1,
        5,
        null,
        5,
        5,
        6,
        3,
        null,
        4,
        2,
        null,
        null,
        null,
        null,
        null,
        null,
        1,
        5,
        5,
        6,
        3,
        null,
        4,
        2,
        null,
        null,
        null,
        null,
        null,
        null,
        1,
        2,
        2,
        4,
        2,
        null,
        null,
        null,
        1,
        null,
        1,
        9,
        null,
        null,
        null,
        1,
        10,
        null,
        null
      ],
      "/Users/aalphonseraj/new_assign/class_mate/spec/helpers/assignments_helper_spec.rb": [
        1,
        null,
        null,
        null,
        null,
        null,
        null,
        null,
        null,
        null,
        null,
        null,
        1,
        1,
        null
      ],
      "/Users/aalphonseraj/new_assign/class_mate/spec/helpers/class_rooms_helper_spec.rb": [
        1,
        null,
        null,
        null,
        null,
        null,
        null,
        null,
        null,
        null,
        null,
        null,
        1,
        1,
        null
      ],
      "/Users/aalphonseraj/new_assign/class_mate/spec/helpers/homes_helper_spec.rb": [
        1,
        null,
        null,
        null,
        null,
        null,
        null,
        null,
        null,
        null,
        null,
        null,
        1,
        1,
        null
      ],
      "/Users/aalphonseraj/new_assign/class_mate/spec/helpers/registrations_helper_spec.rb": [
        1,
        null,
        null,
        null,
        null,
        null,
        null,
        null,
        null,
        null,
        null,
        null,
        1,
        1,
        null
      ],
      "/Users/aalphonseraj/new_assign/class_mate/spec/helpers/sessions_helper_spec.rb": [
        1,
        null,
        null,
        null,
        null,
        null,
        null,
        null,
        null,
        null,
        null,
        null,
        1,
        1,
        null
      ],
      "/Users/aalphonseraj/new_assign/class_mate/spec/helpers/students_helper_spec.rb": [
        1,
        null,
        null,
        null,
        null,
        null,
        null,
        null,
        null,
        null,
        null,
        null,
        1,
        1,
        null
      ],
      "/Users/aalphonseraj/new_assign/class_mate/spec/models/assignment_spec.rb": [
        1,
        null,
        1,
        null,
        1,
        1,
        null,
        null,
        1,
        1,
        null,
        null
      ],
      "/Users/aalphonseraj/new_assign/class_mate/app/models/assignment.rb": [
        1,
        1,
        1,
        1,
        null,
        1,
        null
      ],
      "/Users/aalphonseraj/new_assign/class_mate/spec/models/class_room_spec.rb": [
        1,
        null,
        1,
        1,
        null
      ],
      "/Users/aalphonseraj/new_assign/class_mate/app/models/class_room.rb": [
        1,
        1,
        1,
        null,
        1,
        1,
        null
      ],
      "/Users/aalphonseraj/new_assign/class_mate/spec/models/student_spec.rb": [
        1,
        null,
        1,
        1,
        null
      ],
      "/Users/aalphonseraj/new_assign/class_mate/app/models/student.rb": [
        1,
        1,
        1,
        null,
        1,
        1,
        null
      ],
      "/Users/aalphonseraj/new_assign/class_mate/app/models/user.rb": [
        1,
        null,
        1,
        1,
        1,
        null,
        1,
        1,
        null,
        1,
        61,
        60,
        60,
        null,
        null,
        null,
        1,
        4,
        4,
        2,
        null,
        null,
        null,
        null,
        null
      ],
      "/Users/aalphonseraj/new_assign/class_mate/spec/models/user_spec.rb": [
        1,
        null,
        1,
        null,
        1,
        null,
        1,
        1,
        1,
        null,
        null,
        1,
        1,
        1,
        null,
        null,
        null,
        1,
        1,
        1,
        1,
        null,
        null,
        1,
        1,
        1,
        null,
        null,
        null
      ],
      "/Users/aalphonseraj/new_assign/class_mate/app/models/submission.rb": [
        1,
        1,
        1,
        null
      ]
    },
    "timestamp": 1455729361
  }
}
